2025-01-07 18:31:23,531 CRIT Supervisor is running as root.  Privileges were not dropped because no user is specified in the config file.  If you intend to run as root, you can set user=root in the config file to avoid this message.
2025-01-07 18:31:23,539 INFO supervisord started with pid 1
2025-01-07 18:31:24,544 INFO spawned: 'fog_energy' with pid 7
2025-01-07 18:31:24,553 INFO spawned: 'mongodb' with pid 8
2025-01-07 18:31:24,561 INFO spawned: 'redis' with pid 9
2025-01-07 18:31:25,630 INFO success: fog_energy entered RUNNING state, process has stayed up for > than 1 seconds (startsecs)
2025-01-07 18:31:25,631 INFO success: mongodb entered RUNNING state, process has stayed up for > than 1 seconds (startsecs)
2025-01-07 18:31:25,633 INFO success: redis entered RUNNING state, process has stayed up for > than 1 seconds (startsecs)
2025-01-07 18:31:35,875 WARN received SIGINT indicating exit request
2025-01-07 18:31:35,875 INFO waiting for fog_energy, mongodb, redis to die
2025-01-07 18:31:35,973 INFO stopped: redis (exit status 0)
2025-01-07 18:31:36,097 WARN received SIGINT indicating exit request
2025-01-07 18:31:36,102 INFO stopped: mongodb (exit status 0)
2025-01-07 18:31:36,699 INFO stopped: fog_energy (exit status 0)
2025-01-07 18:31:36,699 WARN received SIGINT indicating exit request
2025-01-07 18:31:49,033 CRIT Supervisor is running as root.  Privileges were not dropped because no user is specified in the config file.  If you intend to run as root, you can set user=root in the config file to avoid this message.
2025-01-07 18:31:49,048 INFO supervisord started with pid 1
2025-01-07 18:31:50,050 INFO spawned: 'fog_energy' with pid 7
2025-01-07 18:31:50,052 INFO spawned: 'mongodb' with pid 8
2025-01-07 18:31:50,056 INFO spawned: 'redis' with pid 9
2025-01-07 18:31:51,127 INFO success: fog_energy entered RUNNING state, process has stayed up for > than 1 seconds (startsecs)
2025-01-07 18:31:51,128 INFO success: mongodb entered RUNNING state, process has stayed up for > than 1 seconds (startsecs)
2025-01-07 18:31:51,128 INFO success: redis entered RUNNING state, process has stayed up for > than 1 seconds (startsecs)
2025-01-07 18:32:54,946 WARN received SIGINT indicating exit request
2025-01-07 18:32:54,946 INFO waiting for fog_energy, mongodb, redis to die
2025-01-07 18:32:55,003 INFO stopped: redis (exit status 0)
2025-01-07 18:32:55,089 INFO stopped: mongodb (exit status 0)
2025-01-07 18:32:55,736 INFO stopped: fog_energy (exit status 0)
